<?xml version="1.0" encoding="UTF-8"?>
<testsuite xmlns:xsi="http://www.w3.org/2001/XMLSchema-instance" xsi:noNamespaceSchemaLocation="https://maven.apache.org/surefire/maven-surefire-plugin/xsd/surefire-test-report.xsd" name="one.digital.innovation.pessoa.controller.PessoaControllerTest" time="13.187" tests="4" errors="0" skipped="0" failures="0">
  <properties>
[...]
</properties>
  <testcase name="deve_conter_na_lista_o_nome_cleick_e_adilson" classname="one.digital.innovation.pessoa.controller.PessoaControllerTest" time="2.893"/>
  <testcase name="deve_retornar_resposta_status405_quando_consultar_pessoa_inexistente" classname="one.digital.innovation.pessoa.controller.PessoaControllerTest" time="0.103"/>
  <testcase name="deve_retornar_status201_quando_cadastrar_pessoa" classname="one.digital.innovation.pessoa.controller.PessoaControllerTest" time="0.329"/>
  <testcase name="deve_retornar_status200_quando_consultar_pessoas" classname="one.digital.innovation.pessoa.controller.PessoaControllerTest" time="0.035"/>
</testsuite>